C51 COMPILER V9.60.0.0   DELAY                                                             01/09/2020 16:30:02 PAGE 1   


C51 COMPILER V9.60.0.0, COMPILATION OF MODULE DELAY
OBJECT MODULE PLACED IN .\Output\delay.obj
COMPILER INVOKED BY: D:\Keil_v5\C51\BIN\C51.EXE ..\..\Library\StdDriver\src\delay.c LARGE OPTIMIZE(7,SPEED) BROWSE INCDI
                    -R(..\..\Library\Device\Include;..\..\Library\StdDriver\inc) DEBUG OBJECTEXTEND PRINT(.\LST\delay.lst) TABS(2) OBJECT(.\O
                    -utput\delay.obj)

line level    source

   1          
   2          #include "MS51_16K.H"
   3          
   4           
   5          /**
   6            * @brief Timer0 delay setting 
   7            * @param[in] u32SYSCLK define Fsys clock value. for example 24000000, use the real Fsys value.
   8            *                       - \ref 24000000 (use HIRC 24MHz)
   9            *                       - \ref 16000000 (use HIRC 16MHz)
  10            * @param[in] u8CNT define count time.
  11            * @param[in] u6DLYUnit define delay time base is us. From 1~10000, the maxima value please not over 1000
             -0.
  12            *                       - \ref 1000 (1ms)
  13            *                       - \ref 100 (100us)
  14            * @return  None
  15            * @note    If use LIRC or LXT as Fsys need adjust this marco.
  16            * @exmaple :  Timer0_Delay(16000000,200,1000);
  17          */
  18          void Timer0_Delay(unsigned long u32SYSCLK, unsigned int u16CNT, unsigned int u16DLYUnit)
  19          {
  20   1            unsigned char TL0TMP, TH0TMP;
  21   1        
  22   1            TIMER0_FSYS_DIV12;                                  //T0M=0, Timer0 Clock = Fsys/12
  23   1            ENABLE_TIMER0_MODE1;                                   //Timer0 is 16-bit mode
  24   1            TL0TMP = LOBYTE(65535-((u32SYSCLK/1000000)*u16DLYUnit/12));
  25   1            TH0TMP = HIBYTE(65535-((u32SYSCLK/1000000)*u16DLYUnit/12));
  26   1        
  27   1          while (u16CNT != 0)
  28   1          {
  29   2            TL0=TL0TMP;
  30   2            TH0=TH0TMP;
  31   2            set_TCON_TR0;                                    //Start Timer0
  32   2            while (!TF0);                       //Check Timer0 Time-Out Flag
  33   2            clr_TCON_TF0;
  34   2            clr_TCON_TR0;                       //Stop Timer0
  35   2            u16CNT --;
  36   2          }
  37   1      //    clr_TCON_TR0;                                     //Stop Timer0
  38   1      }
  39          
  40          /**
  41            * @brief Timer1 delay setting 
  42            * @param[in] u32SYSCLK define Fsys clock value. for example 24000000, use the real Fsys value.
  43            *                       - \ref 24000000 (use HIRC)
  44            *                       - \ref 22118400 (use HXT)
  45            * @param[in] u8CNT define count time.
  46            * @param[in] u16DLYUnit define delay time base is us. From 1~10000, the maxima value please not over 100
             -00.
  47            *                       - \ref 1000 (1ms)
  48            *                       - \ref 100 (100us)
  49            * @return  None
  50            * @note    If use LIRC or LXT as Fsys need adjust this marco.
  51            * @exmaple :  Timer1_Delay(24000000,5,1000);
C51 COMPILER V9.60.0.0   DELAY                                                             01/09/2020 16:30:02 PAGE 2   

  52          */
  53          void Timer1_Delay(unsigned long u32SYSCLK, unsigned int u16CNT, unsigned int u16DLYUnit)
  54          {
  55   1          unsigned char TL1TMP,TH1TMP;
  56   1      
  57   1          TIMER1_FSYS_DIV12;                                 //T1M=0, Timer1 Clock = Fsys/12
  58   1          ENABLE_TIMER1_MODE1;                                //Timer1 is 16-bit mode
  59   1          TL1TMP = LOBYTE(65535-((u32SYSCLK/1000000)*u16DLYUnit)/12);
  60   1          TH1TMP = HIBYTE(65535-((u32SYSCLK/1000000)*u16DLYUnit)/12);
  61   1        
  62   1          while (u16CNT != 0)
  63   1          {
  64   2            TL1 = TL1TMP;
  65   2            TH1 = TH1TMP;
  66   2            set_TCON_TR1;                                //Start Timer1
  67   2            while (!TF1);                                //Check Timer1 Time-Out Flag
  68   2            clr_TCON_TF1;
  69   2            clr_TCON_TR1;
  70   2            u16CNT --;
  71   2          }
  72   1      }
  73          
  74          /**
  75            * @brief Timer2 delay setting 
  76            * @param[in] u32SYSCLK define Fsys clock value. for example 24000000, use the real Fsys value.
  77            *                       - \ref 24000000 (use HIRC)
  78            *                       - \ref 22118400 (use HXT for example)
  79            * @param[in] u16TMDIV define timer2 clock devider value from 1\4\16\32\64\128\256\512 detail check datas
             -heet T2MOD.
  80            *                       - \ref 512
  81            * @param[in] u16CNT define total count times.
  82            * @param[in] u6DLYUnit define delay time base is us. From 1~1000000, please consider the value with devi
             -der.
  83            *                       - \ref 1000 (1ms)
  84            *                       - \ref 100 (100us)
  85            * @return  None
  86            * @note    If use LIRC or LXT as Fsys need adjust this marco.
  87            * @exmaple :  Timer2_Delay(24000000,128,5,1000);
  88          */
  89          void Timer2_Delay(unsigned long u32SYSCLK,unsigned int u16TMDIV, unsigned int u16CNT, unsigned long u32DLY
             -Unit)
  90          {
  91   1          unsigned char TL2TMP,TH2TMP;
  92   1        
  93   1          SFRS = 0x00;
  94   1          switch (u16TMDIV)
  95   1          {
  96   2            case 1:T2MOD&=0x8F; break;
  97   2            case 4:T2MOD&=0x8F;T2MOD|=0x10; break;
  98   2            case 16:T2MOD&=0x8F;T2MOD|=0x20; break;
  99   2            case 32:T2MOD&=0x8F;T2MOD|=0x30; break;
 100   2            case 64:T2MOD&=0x8F;T2MOD|=0x40; break;
 101   2            case 128:T2MOD&=0x8F;T2MOD|=0x50; break;
 102   2            case 256:T2MOD&=0x8F;T2MOD|=0x60; break;
 103   2            case 512:T2MOD&=0x8F;T2MOD|=0x70; break;
 104   2          }
 105   1          clr_T2CON_CMRL2;                                  //Timer 2 as auto-reload mode
 106   1          set_T2MOD_LDEN;
 107   1          set_T2MOD_CMPCR;                                  //Timer 2 value is auto-cleared as 0000H when a comp
             -are match occurs.
 108   1          TL2TMP = LOBYTE(65536-((u32SYSCLK/1000000)*u32DLYUnit/u16TMDIV));
 109   1          TH2TMP = HIBYTE(65536-((u32SYSCLK/1000000)*u32DLYUnit/u16TMDIV));
C51 COMPILER V9.60.0.0   DELAY                                                             01/09/2020 16:30:02 PAGE 3   

 110   1          while (u16CNT != 0)
 111   1          {
 112   2            TL2 = TL2TMP;
 113   2            TH2 = TH2TMP;
 114   2            set_T2CON_TR2;                                    //Start Timer2
 115   2            while (TF2!=1);            //Check Timer2 Time-Out Flag
 116   2            clr_T2CON_TF2;
 117   2            clr_T2CON_TR2;                                    //Stop Timer2
 118   2            u16CNT --;
 119   2          }
 120   1      }
 121          /**
 122            * @brief Timer3 delay setting 
 123            * @param[in] u32SYSCLK define Fsys clock value. for example 24000000, use the real Fsys value.
 124            *                       - \ref 24000000 (use HIRC)
 125            *                       - \ref 22118400 (use HXT for example)
 126            * @param[in] u8TMDIV define timer2 clock devider value from 1\2\4\8\16\32\64\128 detail check datasheet 
             -T3MOD.
 127            *                       - \ref 512
 128            * @param[in] u16CNT define total count times.
 129            * @param[in] u32DLYUnit define delay time base is us. From 1~1000000, please consider the value with dev
             -ider.
 130            *                       - \ref 1000 (1ms)
 131            *                       - \ref 100 (100us)
 132            * @return  None
 133            * @note    If use LIRC or LXT as Fsys need adjust this marco.
 134            * @exmaple :  Timer3_Delay(24000000,16,5,1000);
 135          */
 136          void Timer3_Delay(unsigned long u32SYSCLK,unsigned char u8TMDIV, unsigned int u16CNT, unsigned long u32DLY
             -Unit)
 137          {
 138   1          unsigned char TL3TMP,TH3TMP;  
 139   1        
 140   1          SFRS = 0x00;
 141   1          switch (u8TMDIV)
 142   1          {
 143   2            case 1:T3CON&=0xF8; break;
 144   2            case 2:T3CON&=0xF8;T3CON|=0x01; break;
 145   2            case 4:T3CON&=0xF8;T3CON|=0x02; break;
 146   2            case 8:T3CON&=0xF8;T3CON|=0x03; break;
 147   2            case 16:T3CON&=0xF8;T3CON|=0x04; break;
 148   2            case 32:T3CON&=0xF8;T3CON|=0x05; break;
 149   2            case 64:T3CON&=0xF8;T3CON|=0x06; break;
 150   2            case 128:T3CON&=0xF8;T3CON|=0x07; break;
 151   2          }
 152   1          TL3TMP = LOBYTE(65536-((u32SYSCLK/1000000)*u32DLYUnit/u8TMDIV));
 153   1          TH3TMP = HIBYTE(65536-((u32SYSCLK/1000000)*u32DLYUnit/u8TMDIV));
 154   1          while (u16CNT != 0)
 155   1          {
 156   2            clr_T3CON_TF3;
 157   2            RL3 = TL3TMP;
 158   2            RH3 = TH3TMP;
 159   2            set_T3CON_TR3;                                    //Trigger Timer3
 160   2            while ((T3CON|CLR_BIT4)==CLR_BIT4);    //Check Timer3 Time-Out Flag
 161   2            clr_T3CON_TF3;
 162   2            clr_T3CON_TR3;                                    //Stop Timer3
 163   2            u16CNT --;
 164   2          }
 165   1      }
 166          
 167          //********************************************************************************************************
             -********  
C51 COMPILER V9.60.0.0   DELAY                                                             01/09/2020 16:30:02 PAGE 4   

 168          //**** Timer Interrupt enable setting  
 169          //**** 1. Delay value
 170          //**** 2. Define unit
 171          //**** For example: Timer3_Delay(5,UNIT_100US) = Delay 100us
 172          void Timer_Interrupt_Enable(unsigned char u8TM)
 173          {
 174   1          switch(u8TM)
 175   1          {
 176   2            case TIMER0: set_IE_ET0;break;
 177   2            case TIMER1: set_IE_ET1;break;
 178   2            case TIMER2: set_EIE_ET2;break;
 179   2            case TIMER3: set_EIE1_ET3;break;
 180   2          }
 181   1      }
 182          
 183          


MODULE INFORMATION:   STATIC OVERLAYABLE
   CODE SIZE        =   1113    ----
   CONSTANT SIZE    =   ----    ----
   XDATA SIZE       =   ----      43
   PDATA SIZE       =   ----    ----
   DATA SIZE        =   ----    ----
   IDATA SIZE       =   ----    ----
   BIT SIZE         =   ----    ----
END OF MODULE INFORMATION.


C51 COMPILATION COMPLETE.  0 WARNING(S),  0 ERROR(S)
