C51 COMPILER V9.60.0.0   MAIN                                                              01/09/2020 16:30:01 PAGE 1   


C51 COMPILER V9.60.0.0, COMPILATION OF MODULE MAIN
OBJECT MODULE PLACED IN .\Output\main.obj
COMPILER INVOKED BY: D:\Keil_v5\C51\BIN\C51.EXE ..\main.c LARGE OPTIMIZE(7,SPEED) BROWSE INCDIR(..\..\Library\Device\Inc
                    -lude;..\..\Library\StdDriver\inc) DEBUG OBJECTEXTEND PRINT(.\LST\main.lst) TABS(2) OBJECT(.\Output\main.obj)

line level    source

   1          #include "Sensor.h"
   2          #include "I2CDev.h"
   3          #define TH0_INIT        0xA0 
   4          #define TL0_INIT        0x00
   5          
   6          /*********************************************************************************************************
             -***
   7          *    TIMER 0 interrupt subroutine
   8          **********************************************************************************************************
             -**/
   9          unsigned long timetick=0;
  10          void Timer0_ISR (void) interrupt 1  //interrupt address is 0x000B
  11          {
  12   1          TH0 = TH0_INIT;
  13   1          TL0 = TL0_INIT;    
  14   1          TF0 = 0;
  15   1          timetick++;   
  16   1      }
  17          
  18          uint8_t UART1Receive=0;
  19          bit riflag=0;
  20          
  21          void SerialPort1_ISR(void) interrupt 15 
  22          {
  23   1          if (RI_1==1) 
  24   1          {                                      
  25   2              clr_SCON_1_RI_1;                             
  26   2              UART1Receive = SBUF_1;
  27   2              riflag =1;
  28   2          }
  29   1          if(TI_1==1)
  30   1          {
  31   2              clr_SCON_1_TI_1;                            
  32   2          }
  33   1      }
  34          
  35          
  36          void main (void)
  37          {
  38   1          ALL_GPIO_QUASI_MODE;
  39   1          //P05_PUSHPULL_MODE;    // For I/O toggle display
  40   1          //Modify HIRC to 24MHz for UART baud rate deviation not over 1%
  41   1          MODIFY_HIRC_24();
  42   1          //UART_Open(24000000,UART0_Timer3,115200);//
  43   1          //ENABLE_UART0_INTERRUPT;                 //For interrupt enable
  44   1          //ENABLE_UART0_PRINTF;  
  45   1          //UART_Open(24000000,UART1_Timer3,2400);//
  46   1          ENABLE_UART1_INTERRUPT;                 //For interrupt enable
  47   1        
  48   1          ENABLE_TIMER0_MODE1;
  49   1          TIMER0_FSYS;
  50   1      
  51   1          TH0 = TH0_INIT;
  52   1          TL0 = TL0_INIT;
C51 COMPILER V9.60.0.0   MAIN                                                              01/09/2020 16:30:01 PAGE 2   

  53   1        
  54   1          ENABLE_TIMER1_MODE1;
  55   1          TIMER1_FSYS_DIV12;
  56   1        
  57   1          ENABLE_TIMER0_INTERRUPT;                       //enable Timer0 interrupt
  58   1        
  59   1          P30_INPUT_MODE;
  60   1          P30 = 1;
  61   1          //P05_OPENDRAIN_MODE ;
  62   1          ///P05_PUSHPULL_MODE;
  63   1          P03_PUSHPULL_MODE;
  64   1          //INT0_FALLING_EDGE_TRIG;              //setting trig condition level or edge
  65   1          //ENABLE_INT0_INTERRUPT;              //INT0_Enable;
  66   1        
  67   1          ENABLE_GLOBAL_INTERRUPT;                       //enable interrupts
  68   1        
  69   1          set_TCON_TR0;                                  //Timer0 run
  70   1          Init_I2C();                                 //initial I2C circuit
  71   1          I2C_Write(0x80,0x0F);  
  72   1          I2C_Write(0x90,0x49);   
  73   1          reset();
  74   1          loop();   
  75   1      }
  76            


MODULE INFORMATION:   STATIC OVERLAYABLE
   CODE SIZE        =    201    ----
   CONSTANT SIZE    =   ----    ----
   XDATA SIZE       =      5    ----
   PDATA SIZE       =   ----    ----
   DATA SIZE        =   ----    ----
   IDATA SIZE       =   ----    ----
   BIT SIZE         =      1    ----
END OF MODULE INFORMATION.


C51 COMPILATION COMPLETE.  0 WARNING(S),  0 ERROR(S)
